<?xml version="1.0" encoding="UTF-8"?>
<!-- Generated by org.testng.reporters.JUnitReportReporter -->
<testsuite name="com.pages.WindowHandler" tests="1" time="5.746" ignored="0" failures="0" timestamp="22 Jul 2021 14:05:48 GMT" skipped="0" hostname="DESKTOP-D5401R0" errors="0">
  <testcase name="handleWindows" time="5.746" classname="com.pages.WindowHandler"/>
</testsuite> <!-- com.pages.WindowHandler -->
