<?xml version="1.0" encoding="UTF-8"?>
<!-- Generated by org.testng.reporters.JUnitReportReporter -->
<testsuite name="com.tests.UserTest" tests="1" time="6.592" ignored="1" failures="0" timestamp="08 Jul 2021 03:18:54 GMT" skipped="0" hostname="DESKTOP-D5401R0" errors="0">
  <testcase name="writefromUsertoExcel" time="6.592" classname="com.tests.UserTest"/>
  <testcase name="verifyuserbypoi" classname="com.tests.UserTest">
    <skipped/>
  </testcase> <!-- verifyuserbypoi -->
</testsuite> <!-- com.tests.UserTest -->
