<?xml version="1.0" encoding="UTF-8"?>
<!-- Generated by org.testng.reporters.JUnitReportReporter -->
<testsuite name="com.pages.ActionClassDemo" tests="1" time="8.220" ignored="0" failures="0" timestamp="19 Jul 2021 03:49:09 GMT" skipped="0" hostname="DESKTOP-D5401R0" errors="0">
  <testcase name="actionClassMethods" time="8.220" classname="com.pages.ActionClassDemo"/>
</testsuite> <!-- com.pages.ActionClassDemo -->
